240114 22:56:35.333 - I - Starting BLE Receiver v.1.2.3.0
240114 22:56:47.416 - I - Log level set to Verbose
240114 22:56:47.430 - V - Adding support for device CPS address 0
240114 22:56:47.432 - V - Adding support for device CTRLS address 0
240114 22:56:47.432 - V - Adding support for device FEC address 0
240114 22:56:47.432 - V - Adding support for device STEER address 0
240114 22:56:47.432 - V - Adding support for device SBIKE address 0
240114 22:56:47.432 - V - Adding support for device HR address 0
240114 22:56:47.432 - V - Adding support for device SPD address 0
240114 22:56:47.432 - V - Adding support for device FPOD address 0
240114 22:56:48.456 - V - Starting BLE Receiver. result:True
240114 22:57:26.833 - V - NEW Adv C2:4E:CC:F4:3A:06 14841-1 00001816-0000-1000-8000-00805f9b34fb
240114 22:57:26.838 - V - Getting Device for advertisment packet in 14841-1
240114 22:57:26.841 - V -     Service in advertising packet UUID=00001816-0000-1000-8000-00805f9b34fb
240114 22:57:26.841 - I - Device 14841-1 appears to be a generic Speed and Cadence Sensor
240114 22:57:28.906 - V - Getting Characteristics for service 0000180a-0000-1000-8000-00805f9b34fb
240114 22:57:29.029 - V - Setting up listener for Characteristic 00002a29-0000-1000-8000-00805f9b34fb
240114 22:57:29.029 - V - Setting up listener for Characteristic 00002a24-0000-1000-8000-00805f9b34fb
240114 22:57:29.029 - V - Setting up listener for Characteristic 00002a25-0000-1000-8000-00805f9b34fb
240114 22:57:29.029 - V - Setting up listener for Characteristic 00002a27-0000-1000-8000-00805f9b34fb
240114 22:57:29.029 - V - Setting up listener for Characteristic 00002a26-0000-1000-8000-00805f9b34fb
240114 22:57:29.029 - V - Setting up listener for Characteristic 00002a28-0000-1000-8000-00805f9b34fb
240114 22:57:29.029 - V - Getting Characteristics for service 00001816-0000-1000-8000-00805f9b34fb
240114 22:57:29.201 - V - Setting up listener for Characteristic 00002a5b-0000-1000-8000-00805f9b34fb
240114 22:57:29.207 - V - Setting up listener for Characteristic 00002a5c-0000-1000-8000-00805f9b34fb
240114 22:57:29.266 - V - Read char 00002a5c-0000-1000-8000-00805f9b34fb data 02-00
240114 22:57:29.299 - V - Write CCCD: Activate Notify for 00002a5b-0000-1000-8000-00805f9b34fb Success
240114 22:57:29.386 - V - Read char 00002a29-0000-1000-8000-00805f9b34fb data 51-69-6E-67-64-61-6F-20-4D-61-67-65-6E-65-20-49-6E-74-65-6C-6C-69-67-65-6E-63-65-20-54-65-63-68-6E-6F-6C-6F-67-79-20-43-6F-2E-2C-20-4C-74-64
240114 22:57:29.416 - V - Read char 00002a24-0000-1000-8000-00805f9b34fb data 31-31-32
240114 22:57:29.446 - V - Read char 00002a25-0000-1000-8000-00805f9b34fb data 32-33-33-37-30-30-31-37-33
240114 22:57:29.476 - V - Read char 00002a27-0000-1000-8000-00805f9b34fb data 34
240114 22:57:29.507 - V - Read char 00002a26-0000-1000-8000-00805f9b34fb data 30-2E-31-30-38
240114 22:57:29.537 - V - Read char 00002a28-0000-1000-8000-00805f9b34fb data 30-2E-31-30-38
240114 22:57:29.542 - I - Connected SPD device 14841-1 BluetoothLE#BluetoothLEe8:48:b8:c8:20:00-c2:4e:cc:f4:3a:06:C2:4E:CC:F4:3A:06 Speed and Cadence Sensor
240114 22:57:30.796 - V - CSCS Measurement cadence 64
240114 22:57:32.296 - V - CSCS Measurement cadence 192
240114 22:57:33.879 - V - CSCS Measurement cadence 64
240114 22:57:35.124 - V - CSCS Measurement cadence 128
240114 22:57:36.370 - V - CSCS Measurement cadence 192
240114 22:57:38.236 - V - CSCS Measurement cadence 0
240114 22:57:39.481 - V - CSCS Measurement cadence 192
240114 22:57:41.348 - V - CSCS Measurement cadence 0
240114 22:57:42.594 - V - CSCS Measurement cadence 0
240114 22:57:43.840 - V - CSCS Measurement cadence 64
240114 22:57:45.084 - V - CSCS Measurement cadence 64
240114 22:57:46.329 - V - CSCS Measurement cadence 128
240114 22:57:48.196 - V - CSCS Measurement cadence 128
240114 22:57:48.820 - V - CSCS Measurement cadence 64
240114 22:57:50.687 - V - CSCS Measurement cadence 128
240114 22:57:51.309 - V - CSCS Measurement cadence 128
240114 22:57:53.176 - V - CSCS Measurement cadence 128
240114 22:57:54.421 - V - CSCS Measurement cadence 64
240114 22:57:55.666 - V - CSCS Measurement cadence 64
240114 22:57:57.534 - V - CSCS Measurement cadence 128
240114 22:57:58.157 - V - CSCS Measurement cadence 128
240114 22:57:59.401 - V - CSCS Measurement cadence 64
240114 22:58:00.647 - V - CSCS Measurement cadence 0
240114 22:58:01.892 - V - CSCS Measurement cadence 0
240114 22:58:03.135 - V - CSCS Measurement cadence 128
240114 22:58:04.381 - V - CSCS Measurement cadence 0
240114 22:58:05.627 - V - CSCS Measurement cadence 224
240114 22:58:06.872 - V - CSCS Measurement cadence 0
240114 22:58:08.116 - V - CSCS Measurement cadence 64
240114 22:58:09.362 - V - CSCS Measurement cadence 192
240114 22:58:11.229 - V - CSCS Measurement cadence 128
240114 22:58:11.851 - V - CSCS Measurement cadence 128
240114 22:58:13.719 - V - CSCS Measurement cadence 128
240114 22:58:14.342 - V - CSCS Measurement cadence 64
240114 22:58:15.586 - V - CSCS Measurement cadence 192
240114 22:58:16.831 - V - CSCS Measurement cadence 48
240114 22:58:18.077 - V - CSCS Measurement cadence 96
240114 22:58:23.083 - V - CSCS cadence reset 0 Timeout(5000)
